[2025-04-07 19:25:02,538 : INFO : main : Welcome to our custom logging ]
[2025-04-08 06:55:07,438 : INFO : config : PyTorch version 2.6.0 available. ]
[2025-04-08 07:03:50,751 : INFO : common : read_yamll successfully loaded for file : config\config.yaml ]
[2025-04-08 07:03:50,754 : INFO : common : read_yamll successfully loaded for file : params.yaml ]
[2025-04-08 07:03:50,755 : INFO : common : Created directory: artifacts ]
[2025-04-08 07:03:50,755 : INFO : common : Created directory: artifacts/data_transformation ]
[2025-04-08 07:04:49,891 : INFO : common : read_yamll successfully loaded for file : config\config.yaml ]
[2025-04-08 07:04:49,893 : INFO : common : read_yamll successfully loaded for file : params.yaml ]
[2025-04-08 07:04:49,896 : INFO : common : Created directory: artifacts ]
[2025-04-08 07:04:49,898 : INFO : common : Created directory: artifacts/data_transformation ]
[2025-04-08 07:22:07,149 : INFO : config : PyTorch version 2.6.0 available. ]
[2025-04-08 05:37:37,322 : INFO : config : PyTorch version 2.6.0 available. ]
[2025-04-08 05:44:52,433 : INFO : common : read_yamll successfully loaded for file : config\config.yaml ]
[2025-04-08 05:44:52,435 : INFO : common : read_yamll successfully loaded for file : params.yaml ]
[2025-04-08 05:44:52,437 : INFO : common : Created directory: artifacts ]
[2025-04-08 05:44:52,439 : INFO : common : Created directory: artifacts/model_trainer ]
[2025-04-08 05:45:40,694 : INFO : common : read_yamll successfully loaded for file : config\config.yaml ]
[2025-04-08 05:45:40,697 : INFO : common : read_yamll successfully loaded for file : params.yaml ]
[2025-04-08 05:45:40,699 : INFO : common : Created directory: artifacts ]
[2025-04-08 05:45:40,701 : INFO : common : Created directory: artifacts/model_trainer ]
[2025-04-08 05:54:14,189 : INFO : common : read_yamll successfully loaded for file : config\config.yaml ]
[2025-04-08 05:54:14,192 : INFO : common : read_yamll successfully loaded for file : params.yaml ]
[2025-04-08 05:54:14,194 : INFO : common : Created directory: artifacts ]
[2025-04-08 05:54:20,310 : INFO : common : read_yamll successfully loaded for file : config\config.yaml ]
[2025-04-08 05:54:20,314 : INFO : common : read_yamll successfully loaded for file : params.yaml ]
[2025-04-08 05:54:20,315 : INFO : common : Created directory: artifacts ]
[2025-04-08 05:55:03,869 : INFO : common : read_yamll successfully loaded for file : config\config.yaml ]
[2025-04-08 05:55:03,872 : INFO : common : read_yamll successfully loaded for file : params.yaml ]
[2025-04-08 05:55:03,874 : INFO : common : Created directory: artifacts ]
[2025-04-08 05:55:03,875 : INFO : common : Created directory: artifacts/model_trainer ]
[2025-04-08 05:55:34,249 : INFO : common : read_yamll successfully loaded for file : config\config.yaml ]
[2025-04-08 05:55:34,253 : INFO : common : read_yamll successfully loaded for file : params.yaml ]
[2025-04-08 05:55:34,254 : INFO : common : Created directory: artifacts ]
[2025-04-08 05:55:34,256 : INFO : common : Created directory: artifacts/model_trainer ]
[2025-04-08 17:15:07,576 : INFO : config : PyTorch version 2.6.0 available. ]
[2025-04-08 17:22:42,278 : INFO : common : read_yamll successfully loaded for file : config\config.yaml ]
[2025-04-08 17:22:42,279 : INFO : common : read_yamll successfully loaded for file : params.yaml ]
[2025-04-08 17:22:42,290 : INFO : common : Created directory: artifacts ]
[2025-04-08 17:22:42,291 : INFO : common : Created directory: artifacts/model_evaluation ]
[2025-04-08 17:23:04,792 : INFO : common : read_yamll successfully loaded for file : config\config.yaml ]
[2025-04-08 17:23:04,792 : INFO : common : read_yamll successfully loaded for file : params.yaml ]
[2025-04-08 17:23:04,801 : INFO : common : Created directory: artifacts ]
[2025-04-08 17:23:04,801 : INFO : common : Created directory: artifacts/model_evaluation ]
[2025-04-08 17:28:33,841 : INFO : common : read_yamll successfully loaded for file : config\config.yaml ]
[2025-04-08 17:28:33,841 : INFO : common : read_yamll successfully loaded for file : params.yaml ]
[2025-04-08 17:28:33,851 : INFO : common : Created directory: artifacts ]
[2025-04-08 17:28:33,851 : INFO : common : Created directory: artifacts/data_ingestion ]
[2025-04-08 17:28:38,091 : INFO : 3847776295 : artifacts/data_ingestion/data.zip download! with following info Connection: close
Content-Length: 7903594
Cache-Control: max-age=300
Content-Security-Policy: default-src 'none'; style-src 'unsafe-inline'; sandbox
Content-Type: application/zip
ETag: "dbc016a060da18070593b83afff580c9b300f0b6ea4147a7988433e04df246ca"
Strict-Transport-Security: max-age=31536000
X-Content-Type-Options: nosniff
X-Frame-Options: deny
X-XSS-Protection: 1; mode=block
X-GitHub-Request-Id: 8B80:0908:BA8AC:16E54A:67F50F6A
Accept-Ranges: bytes
Date: Tue, 08 Apr 2025 11:58:35 GMT
Via: 1.1 varnish
X-Served-By: cache-maa10251-MAA
X-Cache: MISS
X-Cache-Hits: 0
X-Timer: S1744113515.680955,VS0,VE714
Vary: Authorization,Accept-Encoding,Origin
Access-Control-Allow-Origin: *
Cross-Origin-Resource-Policy: cross-origin
X-Fastly-Request-ID: 7acb8c3cd3f93aae5461f36e32746f1c28563a10
Expires: Tue, 08 Apr 2025 12:03:35 GMT
Source-Age: 0

  ]
[2025-04-08 17:29:12,500 : INFO : common : read_yamll successfully loaded for file : config\config.yaml ]
[2025-04-08 17:29:12,508 : INFO : common : read_yamll successfully loaded for file : params.yaml ]
[2025-04-08 17:29:12,516 : INFO : common : Created directory: artifacts ]
[2025-04-08 17:29:12,520 : INFO : common : Created directory: artifacts/data_validation ]
[2025-04-08 17:29:15,693 : INFO : common : read_yamll successfully loaded for file : config\config.yaml ]
[2025-04-08 17:29:15,698 : INFO : common : read_yamll successfully loaded for file : params.yaml ]
[2025-04-08 17:29:15,698 : INFO : common : Created directory: artifacts ]
[2025-04-08 17:29:15,707 : INFO : common : Created directory: artifacts/data_validation ]
[2025-04-08 17:30:03,095 : INFO : config : PyTorch version 2.6.0 available. ]
[2025-04-08 17:30:14,364 : INFO : common : read_yamll successfully loaded for file : config\config.yaml ]
[2025-04-08 17:30:14,372 : INFO : common : read_yamll successfully loaded for file : params.yaml ]
[2025-04-08 17:30:14,372 : INFO : common : Created directory: artifacts ]
[2025-04-08 17:30:14,381 : INFO : common : Created directory: artifacts/data_transformation ]
[2025-04-08 17:32:44,211 : INFO : config : PyTorch version 2.6.0 available. ]
[2025-04-08 17:33:11,376 : INFO : common : read_yamll successfully loaded for file : config\config.yaml ]
[2025-04-08 17:33:11,395 : INFO : common : read_yamll successfully loaded for file : params.yaml ]
[2025-04-08 17:33:11,395 : INFO : common : Created directory: artifacts ]
[2025-04-08 17:33:11,403 : INFO : common : Created directory: artifacts/model_trainer ]
[2025-04-08 17:37:33,910 : INFO : common : read_yamll successfully loaded for file : config\config.yaml ]
[2025-04-08 17:37:33,921 : INFO : common : read_yamll successfully loaded for file : params.yaml ]
[2025-04-08 17:37:33,921 : INFO : common : Created directory: artifacts ]
[2025-04-08 17:37:33,929 : INFO : common : Created directory: artifacts/model_trainer ]
[2025-04-08 17:42:18,553 : INFO : common : read_yamll successfully loaded for file : config\config.yaml ]
[2025-04-08 17:42:18,565 : INFO : common : read_yamll successfully loaded for file : params.yaml ]
[2025-04-08 17:42:18,565 : INFO : common : Created directory: artifacts ]
[2025-04-08 17:42:18,575 : INFO : common : Created directory: artifacts/model_trainer ]
[2025-04-08 17:50:42,982 : INFO : common : read_yamll successfully loaded for file : config\config.yaml ]
[2025-04-08 17:50:42,989 : INFO : common : read_yamll successfully loaded for file : params.yaml ]
[2025-04-08 17:50:42,995 : INFO : common : Created directory: artifacts ]
[2025-04-08 17:50:42,999 : INFO : common : Created directory: artifacts/data_ingestion ]
[2025-04-08 17:50:50,041 : INFO : 3847776295 : artifacts/data_ingestion/data.zip download! with following info Connection: close
Content-Length: 7903594
Cache-Control: max-age=300
Content-Security-Policy: default-src 'none'; style-src 'unsafe-inline'; sandbox
Content-Type: application/zip
ETag: "dbc016a060da18070593b83afff580c9b300f0b6ea4147a7988433e04df246ca"
Strict-Transport-Security: max-age=31536000
X-Content-Type-Options: nosniff
X-Frame-Options: deny
X-XSS-Protection: 1; mode=block
X-GitHub-Request-Id: B456:219976:E8FA4:21CE38:67F51499
Accept-Ranges: bytes
Date: Tue, 08 Apr 2025 12:20:44 GMT
Via: 1.1 varnish
X-Served-By: cache-hyd1100024-HYD
X-Cache: MISS
X-Cache-Hits: 0
X-Timer: S1744114844.926314,VS0,VE659
Vary: Authorization,Accept-Encoding,Origin
Access-Control-Allow-Origin: *
Cross-Origin-Resource-Policy: cross-origin
X-Fastly-Request-ID: 58f543a99d4701ddc1fe87dc5f9503519fcc2130
Expires: Tue, 08 Apr 2025 12:25:44 GMT
Source-Age: 0

  ]
[2025-04-08 17:51:01,924 : INFO : common : read_yamll successfully loaded for file : config\config.yaml ]
[2025-04-08 17:51:01,931 : INFO : common : read_yamll successfully loaded for file : params.yaml ]
[2025-04-08 17:51:01,931 : INFO : common : Created directory: artifacts ]
[2025-04-08 17:51:01,937 : INFO : common : Created directory: artifacts/data_validation ]
[2025-04-08 17:51:22,040 : INFO : config : PyTorch version 2.6.0 available. ]
[2025-04-08 17:51:22,807 : INFO : common : read_yamll successfully loaded for file : config\config.yaml ]
[2025-04-08 17:51:22,813 : INFO : common : read_yamll successfully loaded for file : params.yaml ]
[2025-04-08 17:51:22,813 : INFO : common : Created directory: artifacts ]
[2025-04-08 17:51:22,820 : INFO : common : Created directory: artifacts/data_transformation ]
[2025-04-08 17:52:02,262 : INFO : config : PyTorch version 2.6.0 available. ]
[2025-04-08 17:52:08,996 : INFO : common : read_yamll successfully loaded for file : config\config.yaml ]
[2025-04-08 17:52:09,003 : INFO : common : read_yamll successfully loaded for file : params.yaml ]
[2025-04-08 17:52:09,003 : INFO : common : Created directory: artifacts ]
[2025-04-08 17:52:09,012 : INFO : common : Created directory: artifacts/model_trainer ]
[2025-04-08 18:13:01,455 : INFO : common : read_yamll successfully loaded for file : config\config.yaml ]
[2025-04-08 18:13:01,463 : INFO : common : read_yamll successfully loaded for file : params.yaml ]
[2025-04-08 18:13:01,467 : INFO : common : Created directory: artifacts ]
[2025-04-08 18:13:01,472 : INFO : common : Created directory: artifacts/data_ingestion ]
[2025-04-08 18:13:10,660 : INFO : 3847776295 : artifacts/data_ingestion/data.zip download! with following info Connection: close
Content-Length: 7903594
Cache-Control: max-age=300
Content-Security-Policy: default-src 'none'; style-src 'unsafe-inline'; sandbox
Content-Type: application/zip
ETag: "dbc016a060da18070593b83afff580c9b300f0b6ea4147a7988433e04df246ca"
Strict-Transport-Security: max-age=31536000
X-Content-Type-Options: nosniff
X-Frame-Options: deny
X-XSS-Protection: 1; mode=block
X-GitHub-Request-Id: B456:219976:E8FA4:21CE38:67F51499
Accept-Ranges: bytes
Date: Tue, 08 Apr 2025 12:43:02 GMT
Via: 1.1 varnish
X-Served-By: cache-hyd1100029-HYD
X-Cache: HIT
X-Cache-Hits: 0
X-Timer: S1744116182.296423,VS0,VE258
Vary: Authorization,Accept-Encoding,Origin
Access-Control-Allow-Origin: *
Cross-Origin-Resource-Policy: cross-origin
X-Fastly-Request-ID: 766d2cd037c0578099067142de15fd0d78095a4a
Expires: Tue, 08 Apr 2025 12:48:02 GMT
Source-Age: 0

  ]
[2025-04-08 18:13:23,295 : INFO : common : read_yamll successfully loaded for file : config\config.yaml ]
[2025-04-08 18:13:23,303 : INFO : common : read_yamll successfully loaded for file : params.yaml ]
[2025-04-08 18:13:23,306 : INFO : common : Created directory: artifacts ]
[2025-04-08 18:13:23,309 : INFO : common : Created directory: artifacts/data_validation ]
[2025-04-08 18:13:52,784 : INFO : config : PyTorch version 2.6.0 available. ]
[2025-04-08 18:13:53,279 : INFO : common : read_yamll successfully loaded for file : config\config.yaml ]
[2025-04-08 18:13:53,284 : INFO : common : read_yamll successfully loaded for file : params.yaml ]
[2025-04-08 18:13:53,286 : INFO : common : Created directory: artifacts ]
[2025-04-08 18:13:53,289 : INFO : common : Created directory: artifacts/data_transformation ]
[2025-04-08 18:14:37,810 : INFO : config : PyTorch version 2.6.0 available. ]
[2025-04-08 18:14:42,543 : INFO : common : read_yamll successfully loaded for file : config\config.yaml ]
[2025-04-08 18:14:42,548 : INFO : common : read_yamll successfully loaded for file : params.yaml ]
[2025-04-08 18:14:42,551 : INFO : common : Created directory: artifacts ]
[2025-04-08 18:14:42,553 : INFO : common : Created directory: artifacts/model_trainer ]
[2025-04-08 19:29:32,739 : INFO : common : read_yamll successfully loaded for file : config\config.yaml ]
[2025-04-08 19:29:32,745 : INFO : common : read_yamll successfully loaded for file : params.yaml ]
[2025-04-08 19:29:32,749 : INFO : common : Created directory: artifacts ]
[2025-04-08 19:29:32,751 : INFO : common : Created directory: artifacts/model_trainer ]
[2025-04-08 17:03:07,955 : INFO : common : read_yamll successfully loaded for file : config\config.yaml ]
[2025-04-08 17:03:07,963 : INFO : common : read_yamll successfully loaded for file : params.yaml ]
[2025-04-08 17:03:07,966 : INFO : common : Created directory: artifacts ]
[2025-04-08 17:03:07,973 : INFO : common : Created directory: artifacts/data_ingestion ]
[2025-04-08 17:03:17,032 : INFO : 3847776295 : artifacts/data_ingestion/data.zip download! with following info Connection: close
Content-Length: 7903594
Cache-Control: max-age=300
Content-Security-Policy: default-src 'none'; style-src 'unsafe-inline'; sandbox
Content-Type: application/zip
ETag: "dbc016a060da18070593b83afff580c9b300f0b6ea4147a7988433e04df246ca"
Strict-Transport-Security: max-age=31536000
X-Content-Type-Options: nosniff
X-Frame-Options: deny
X-XSS-Protection: 1; mode=block
X-GitHub-Request-Id: DE32:219976:109DBF:262144:67F52C9C
Accept-Ranges: bytes
Date: Tue, 08 Apr 2025 14:03:09 GMT
Via: 1.1 varnish
X-Served-By: cache-hyd1100027-HYD
X-Cache: MISS
X-Cache-Hits: 0
X-Timer: S1744120989.880571,VS0,VE866
Vary: Authorization,Accept-Encoding,Origin
Access-Control-Allow-Origin: *
Cross-Origin-Resource-Policy: cross-origin
X-Fastly-Request-ID: 9e5ebc2cea0cd3e27ef37217e9d2872ca71d3b87
Expires: Tue, 08 Apr 2025 14:08:09 GMT
Source-Age: 1

  ]
[2025-04-08 17:03:28,167 : INFO : common : read_yamll successfully loaded for file : config\config.yaml ]
[2025-04-08 17:03:28,173 : INFO : common : read_yamll successfully loaded for file : params.yaml ]
[2025-04-08 17:03:28,176 : INFO : common : Created directory: artifacts ]
[2025-04-08 17:03:28,179 : INFO : common : Created directory: artifacts/data_validation ]
[2025-04-08 17:03:47,227 : INFO : config : PyTorch version 2.6.0 available. ]
[2025-04-08 17:03:47,935 : INFO : common : read_yamll successfully loaded for file : config\config.yaml ]
[2025-04-08 17:03:47,942 : INFO : common : read_yamll successfully loaded for file : params.yaml ]
[2025-04-08 17:03:47,945 : INFO : common : Created directory: artifacts ]
[2025-04-08 17:03:47,947 : INFO : common : Created directory: artifacts/data_transformation ]
[2025-04-08 17:04:13,622 : INFO : config : PyTorch version 2.6.0 available. ]
[2025-04-08 17:04:18,808 : INFO : common : read_yamll successfully loaded for file : config\config.yaml ]
[2025-04-08 17:04:18,812 : INFO : common : read_yamll successfully loaded for file : params.yaml ]
[2025-04-08 17:04:18,815 : INFO : common : Created directory: artifacts ]
[2025-04-08 17:04:18,819 : INFO : common : Created directory: artifacts/model_trainer ]
[2025-04-08 17:09:04,028 : INFO : config : PyTorch version 2.6.0 available. ]
[2025-04-08 17:09:04,577 : INFO : common : read_yamll successfully loaded for file : config\config.yaml ]
[2025-04-08 17:09:04,582 : INFO : common : read_yamll successfully loaded for file : params.yaml ]
[2025-04-08 17:09:04,585 : INFO : common : Created directory: artifacts ]
[2025-04-08 17:09:04,587 : INFO : common : Created directory: artifacts/data_transformation ]
[2025-04-08 17:19:09,812 : INFO : config : PyTorch version 2.6.0 available. ]
[2025-04-08 17:19:10,685 : INFO : common : read_yamll successfully loaded for file : config\config.yaml ]
[2025-04-08 17:19:10,694 : INFO : common : read_yamll successfully loaded for file : params.yaml ]
[2025-04-08 17:19:10,698 : INFO : common : Created directory: artifacts ]
[2025-04-08 17:19:10,702 : INFO : common : Created directory: artifacts/data_transformation ]
[2025-04-08 17:19:43,463 : INFO : config : PyTorch version 2.6.0 available. ]
[2025-04-08 17:19:47,286 : INFO : common : read_yamll successfully loaded for file : config\config.yaml ]
[2025-04-08 17:19:47,292 : INFO : common : read_yamll successfully loaded for file : params.yaml ]
[2025-04-08 17:19:47,295 : INFO : common : Created directory: artifacts ]
[2025-04-08 17:19:47,299 : INFO : common : Created directory: artifacts/model_trainer ]
[2025-04-08 20:59:16,204 : INFO : config : PyTorch version 2.6.0 available. ]
[2025-04-08 20:59:34,177 : INFO : common : read_yamll successfully loaded for file : config\config.yaml ]
[2025-04-08 20:59:34,182 : INFO : common : read_yamll successfully loaded for file : params.yaml ]
[2025-04-08 20:59:34,185 : INFO : common : Created directory: artifacts ]
[2025-04-08 20:59:34,192 : INFO : common : Created directory: artifacts/model_evaluation ]
